
=== Thu Jan 15 16:43:02 2026

Packages were changed.
Update Mode: mergeDefaultDependencies

The following packages were added:
  com.unity.modules.assetbundle@1.0.0
  com.unity.modules.cloth@1.0.0
  com.unity.modules.director@1.0.0
  com.unity.modules.imgui@1.0.0
  com.unity.modules.particlesystem@1.0.0
  com.unity.modules.physics@1.0.0
  com.unity.modules.physics2d@1.0.0
  com.unity.modules.screencapture@1.0.0
  com.unity.modules.terrain@1.0.0
  com.unity.modules.terrainphysics@1.0.0
  com.unity.modules.tilemap@1.0.0
  com.unity.modules.umbra@1.0.0
  com.unity.modules.vehicles@1.0.0
  com.unity.modules.vr@1.0.0
  com.unity.modules.wind@1.0.0
The following packages were updated:
  com.unity.inputsystem from version 1.13.1 to 1.14.0
  com.unity.mobile.android-logcat from version 1.3.2 to 1.4.5
  com.unity.render-pipelines.universal from version 14.0.7 to 14.0.12
  com.unity.visualscripting from version 1.9.2 to 1.9.4

=== Fri Jan 30 13:28:30 2026

Packages were changed.
Update Mode: updateDependencies

The following packages were updated:
  com.unity.burst from version 1.8.4 to 1.8.21
  com.unity.collab-proxy from version 2.4.4 to 2.7.1
  com.unity.ide.rider from version 3.0.21 to 3.0.36
  com.unity.ide.visualstudio from version 2.0.18 to 2.0.22
  com.unity.postprocessing from version 3.2.2 to 3.4.0
  com.unity.render-pipelines.core from version 14.0.7 to 14.0.12
  com.unity.render-pipelines.universal from version 14.0.7 to 14.0.12
  com.unity.shadergraph from version 14.0.7 to 14.0.12
  com.unity.textmeshpro from version 3.0.6 to 3.0.7
  com.unity.timeline from version 1.7.4 to 1.7.7
  com.unity.visualscripting from version 1.8.0 to 1.9.4

=== Fri Jan 30 13:28:30 2026

Packages were changed.
Update Mode: mergeDefaultDependencies

The following packages were added:
  com.unity.burst@1.8.21
  com.unity.ext.nunit@1.0.6
  com.unity.ide.rider@3.0.36
  com.unity.mathematics@1.2.6
  com.unity.postprocessing@3.4.0
  com.unity.render-pipelines.core@14.0.12
  com.unity.searcher@4.9.2
  com.unity.shadergraph@14.0.12
  com.unity.modules.subsystems@1.0.0
